<?xml version="1.0" encoding="UTF-8"?>
<testsuite xmlns:xsi="http://www.w3.org/2001/XMLSchema-instance" xsi:noNamespaceSchemaLocation="https://maven.apache.org/surefire/maven-surefire-plugin/xsd/surefire-test-report.xsd" name="com.hcm.springbootdemo.SpringbootdemoApplicationTests" time="3.495" tests="1" errors="0" skipped="0" failures="0">
  <properties>
    <property name="sun.desktop" value="windows"/>
    <property name="awt.toolkit" value="sun.awt.windows.WToolkit"/>
    <property name="file.encoding.pkg" value="sun.io"/>
    <property name="java.specification.version" value="1.8"/>
    <property name="sun.cpu.isalist" value="amd64"/>
    <property name="sun.jnu.encoding" value="GBK"/>
    <property name="java.class.path" value="E:\springbootdemo\target\test-classes;E:\springbootdemo\target\classes;E:\工具包\repository\org\springframework\boot\spring-boot-starter\2.5.3\spring-boot-starter-2.5.3.jar;E:\工具包\repository\org\springframework\boot\spring-boot\2.5.3\spring-boot-2.5.3.jar;E:\工具包\repository\org\springframework\spring-context\5.3.9\spring-context-5.3.9.jar;E:\工具包\repository\org\springframework\boot\spring-boot-autoconfigure\2.5.3\spring-boot-autoconfigure-2.5.3.jar;E:\工具包\repository\org\springframework\boot\spring-boot-starter-logging\2.5.3\spring-boot-starter-logging-2.5.3.jar;E:\工具包\repository\ch\qos\logback\logback-classic\1.2.4\logback-classic-1.2.4.jar;E:\工具包\repository\ch\qos\logback\logback-core\1.2.4\logback-core-1.2.4.jar;E:\工具包\repository\org\apache\logging\log4j\log4j-to-slf4j\2.14.1\log4j-to-slf4j-2.14.1.jar;E:\工具包\repository\org\apache\logging\log4j\log4j-api\2.14.1\log4j-api-2.14.1.jar;E:\工具包\repository\org\slf4j\jul-to-slf4j\1.7.32\jul-to-slf4j-1.7.32.jar;E:\工具包\repository\jakarta\annotation\jakarta.annotation-api\1.3.5\jakarta.annotation-api-1.3.5.jar;E:\工具包\repository\org\springframework\spring-core\5.3.9\spring-core-5.3.9.jar;E:\工具包\repository\org\springframework\spring-jcl\5.3.9\spring-jcl-5.3.9.jar;E:\工具包\repository\org\yaml\snakeyaml\1.28\snakeyaml-1.28.jar;E:\工具包\repository\org\springframework\boot\spring-boot-starter-test\2.5.3\spring-boot-starter-test-2.5.3.jar;E:\工具包\repository\org\springframework\boot\spring-boot-test\2.5.3\spring-boot-test-2.5.3.jar;E:\工具包\repository\org\springframework\boot\spring-boot-test-autoconfigure\2.5.3\spring-boot-test-autoconfigure-2.5.3.jar;E:\工具包\repository\com\jayway\jsonpath\json-path\2.5.0\json-path-2.5.0.jar;E:\工具包\repository\net\minidev\json-smart\2.4.7\json-smart-2.4.7.jar;E:\工具包\repository\net\minidev\accessors-smart\2.4.7\accessors-smart-2.4.7.jar;E:\工具包\repository\org\ow2\asm\asm\9.1\asm-9.1.jar;E:\工具包\repository\jakarta\xml\bind\jakarta.xml.bind-api\2.3.3\jakarta.xml.bind-api-2.3.3.jar;E:\工具包\repository\jakarta\activation\jakarta.activation-api\1.2.2\jakarta.activation-api-1.2.2.jar;E:\工具包\repository\org\assertj\assertj-core\3.19.0\assertj-core-3.19.0.jar;E:\工具包\repository\org\hamcrest\hamcrest\2.2\hamcrest-2.2.jar;E:\工具包\repository\org\junit\jupiter\junit-jupiter\5.7.2\junit-jupiter-5.7.2.jar;E:\工具包\repository\org\junit\jupiter\junit-jupiter-api\5.7.2\junit-jupiter-api-5.7.2.jar;E:\工具包\repository\org\apiguardian\apiguardian-api\1.1.0\apiguardian-api-1.1.0.jar;E:\工具包\repository\org\opentest4j\opentest4j\1.2.0\opentest4j-1.2.0.jar;E:\工具包\repository\org\junit\platform\junit-platform-commons\1.7.2\junit-platform-commons-1.7.2.jar;E:\工具包\repository\org\junit\jupiter\junit-jupiter-params\5.7.2\junit-jupiter-params-5.7.2.jar;E:\工具包\repository\org\junit\jupiter\junit-jupiter-engine\5.7.2\junit-jupiter-engine-5.7.2.jar;E:\工具包\repository\org\junit\platform\junit-platform-engine\1.7.2\junit-platform-engine-1.7.2.jar;E:\工具包\repository\org\mockito\mockito-core\3.9.0\mockito-core-3.9.0.jar;E:\工具包\repository\net\bytebuddy\byte-buddy\1.10.22\byte-buddy-1.10.22.jar;E:\工具包\repository\net\bytebuddy\byte-buddy-agent\1.10.22\byte-buddy-agent-1.10.22.jar;E:\工具包\repository\org\objenesis\objenesis\3.2\objenesis-3.2.jar;E:\工具包\repository\org\mockito\mockito-junit-jupiter\3.9.0\mockito-junit-jupiter-3.9.0.jar;E:\工具包\repository\org\skyscreamer\jsonassert\1.5.0\jsonassert-1.5.0.jar;E:\工具包\repository\com\vaadin\external\google\android-json\0.0.20131108.vaadin1\android-json-0.0.20131108.vaadin1.jar;E:\工具包\repository\org\springframework\spring-test\5.3.9\spring-test-5.3.9.jar;E:\工具包\repository\org\xmlunit\xmlunit-core\2.8.2\xmlunit-core-2.8.2.jar;E:\工具包\repository\org\apache\tomcat\embed\tomcat-embed-jasper\9.0.50\tomcat-embed-jasper-9.0.50.jar;E:\工具包\repository\org\apache\tomcat\embed\tomcat-embed-core\9.0.50\tomcat-embed-core-9.0.50.jar;E:\工具包\repository\org\apache\tomcat\tomcat-annotations-api\9.0.50\tomcat-annotations-api-9.0.50.jar;E:\工具包\repository\org\apache\tomcat\embed\tomcat-embed-el\9.0.50\tomcat-embed-el-9.0.50.jar;E:\工具包\repository\org\eclipse\jdt\ecj\3.18.0\ecj-3.18.0.jar;E:\工具包\repository\javax\servlet\jstl\1.2\jstl-1.2.jar;E:\工具包\repository\javax\servlet\javax.servlet-api\4.0.1\javax.servlet-api-4.0.1.jar;E:\工具包\repository\org\springframework\boot\spring-boot-starter-web\2.5.3\spring-boot-starter-web-2.5.3.jar;E:\工具包\repository\org\springframework\boot\spring-boot-starter-json\2.5.3\spring-boot-starter-json-2.5.3.jar;E:\工具包\repository\com\fasterxml\jackson\core\jackson-databind\2.12.4\jackson-databind-2.12.4.jar;E:\工具包\repository\com\fasterxml\jackson\core\jackson-annotations\2.12.4\jackson-annotations-2.12.4.jar;E:\工具包\repository\com\fasterxml\jackson\core\jackson-core\2.12.4\jackson-core-2.12.4.jar;E:\工具包\repository\com\fasterxml\jackson\datatype\jackson-datatype-jdk8\2.12.4\jackson-datatype-jdk8-2.12.4.jar;E:\工具包\repository\com\fasterxml\jackson\datatype\jackson-datatype-jsr310\2.12.4\jackson-datatype-jsr310-2.12.4.jar;E:\工具包\repository\com\fasterxml\jackson\module\jackson-module-parameter-names\2.12.4\jackson-module-parameter-names-2.12.4.jar;E:\工具包\repository\org\springframework\boot\spring-boot-starter-tomcat\2.5.3\spring-boot-starter-tomcat-2.5.3.jar;E:\工具包\repository\org\apache\tomcat\embed\tomcat-embed-websocket\9.0.50\tomcat-embed-websocket-9.0.50.jar;E:\工具包\repository\org\springframework\spring-web\5.3.9\spring-web-5.3.9.jar;E:\工具包\repository\org\springframework\spring-beans\5.3.9\spring-beans-5.3.9.jar;E:\工具包\repository\org\springframework\spring-webmvc\5.3.9\spring-webmvc-5.3.9.jar;E:\工具包\repository\org\springframework\spring-aop\5.3.9\spring-aop-5.3.9.jar;E:\工具包\repository\org\springframework\spring-expression\5.3.9\spring-expression-5.3.9.jar;E:\工具包\repository\org\mybatis\spring\boot\mybatis-spring-boot-starter\1.3.0\mybatis-spring-boot-starter-1.3.0.jar;E:\工具包\repository\org\springframework\boot\spring-boot-starter-jdbc\2.5.3\spring-boot-starter-jdbc-2.5.3.jar;E:\工具包\repository\com\zaxxer\HikariCP\4.0.3\HikariCP-4.0.3.jar;E:\工具包\repository\org\springframework\spring-jdbc\5.3.9\spring-jdbc-5.3.9.jar;E:\工具包\repository\org\springframework\spring-tx\5.3.9\spring-tx-5.3.9.jar;E:\工具包\repository\org\mybatis\spring\boot\mybatis-spring-boot-autoconfigure\1.3.0\mybatis-spring-boot-autoconfigure-1.3.0.jar;E:\工具包\repository\org\mybatis\mybatis\3.4.4\mybatis-3.4.4.jar;E:\工具包\repository\org\mybatis\mybatis-spring\1.3.1\mybatis-spring-1.3.1.jar;E:\工具包\repository\mysql\mysql-connector-java\8.0.12\mysql-connector-java-8.0.12.jar;E:\工具包\repository\org\springframework\boot\spring-boot-devtools\2.5.3\spring-boot-devtools-2.5.3.jar;E:\工具包\repository\org\projectlombok\lombok\1.16.10\lombok-1.16.10.jar;E:\工具包\repository\net\sf\json-lib\json-lib\2.4\json-lib-2.4-jdk15.jar;E:\工具包\repository\commons-beanutils\commons-beanutils\1.7.0\commons-beanutils-1.7.0.jar;E:\工具包\repository\commons-collections\commons-collections\3.2.2\commons-collections-3.2.2.jar;E:\工具包\repository\commons-lang\commons-lang\2.5\commons-lang-2.5.jar;E:\工具包\repository\net\sf\ezmorph\ezmorph\1.0.3\ezmorph-1.0.3.jar;E:\工具包\repository\commons-logging\commons-logging\1.2\commons-logging-1.2.jar;E:\工具包\repository\com\alibaba\fastjson\1.2.73\fastjson-1.2.73.jar;E:\工具包\repository\com\aliyun\aliyun-java-sdk-core\4.5.25\aliyun-java-sdk-core-4.5.25.jar;E:\工具包\repository\com\google\code\gson\gson\2.8.7\gson-2.8.7.jar;E:\工具包\repository\org\apache\httpcomponents\httpclient\4.5.13\httpclient-4.5.13.jar;E:\工具包\repository\org\apache\httpcomponents\httpcore\4.4.14\httpcore-4.4.14.jar;E:\工具包\repository\javax\xml\bind\jaxb-api\2.3.1\jaxb-api-2.3.1.jar;E:\工具包\repository\javax\activation\javax.activation-api\1.2.0\javax.activation-api-1.2.0.jar;E:\工具包\repository\org\jacoco\org.jacoco.agent\0.8.7\org.jacoco.agent-0.8.7-runtime.jar;E:\工具包\repository\org\ini4j\ini4j\0.5.4\ini4j-0.5.4.jar;E:\工具包\repository\org\slf4j\slf4j-api\1.7.32\slf4j-api-1.7.32.jar;E:\工具包\repository\io\opentracing\opentracing-api\0.33.0\opentracing-api-0.33.0.jar;E:\工具包\repository\io\opentracing\opentracing-util\0.33.0\opentracing-util-0.33.0.jar;E:\工具包\repository\io\opentracing\opentracing-noop\0.33.0\opentracing-noop-0.33.0.jar;E:\工具包\repository\com\aliyun\aliyun-java-sdk-dysmsapi\1.1.0\aliyun-java-sdk-dysmsapi-1.1.0.jar;E:\工具包\repository\org\apache\poi\poi\3.13\poi-3.13.jar;E:\工具包\repository\commons-codec\commons-codec\1.15\commons-codec-1.15.jar;E:\工具包\repository\org\apache\poi\poi-ooxml\3.13\poi-ooxml-3.13.jar;E:\工具包\repository\org\apache\poi\poi-ooxml-schemas\3.13\poi-ooxml-schemas-3.13.jar;E:\工具包\repository\org\apache\xmlbeans\xmlbeans\2.6.0\xmlbeans-2.6.0.jar;E:\工具包\repository\stax\stax-api\1.0.1\stax-api-1.0.1.jar;E:\工具包\repository\org\apache\commons\commons-lang3\3.11\commons-lang3-3.11.jar;"/>
    <property name="java.vm.vendor" value="Oracle Corporation"/>
    <property name="sun.arch.data.model" value="64"/>
    <property name="user.variant" value=""/>
    <property name="java.vendor.url" value="http://java.oracle.com/"/>
    <property name="user.timezone" value="Asia/Shanghai"/>
    <property name="java.vm.specification.version" value="1.8"/>
    <property name="os.name" value="Windows 10"/>
    <property name="user.country" value="CN"/>
    <property name="sun.java.launcher" value="SUN_STANDARD"/>
    <property name="sun.boot.library.path" value="D:\Java\jdk1.8.0_112\jre\bin"/>
    <property name="sun.java.command" value="C:\Users\ZHUZEY~1\AppData\Local\Temp\surefire4885697526680840637\surefirebooter5548461459218245140.jar C:\Users\zhuzeyong\AppData\Local\Temp\surefire4885697526680840637 2021-08-31T14-17-36_493-jvmRun1 surefire785578128553267683tmp surefire_06520477132277252542tmp"/>
    <property name="surefire.test.class.path" value="E:\springbootdemo\target\test-classes;E:\springbootdemo\target\classes;E:\工具包\repository\org\springframework\boot\spring-boot-starter\2.5.3\spring-boot-starter-2.5.3.jar;E:\工具包\repository\org\springframework\boot\spring-boot\2.5.3\spring-boot-2.5.3.jar;E:\工具包\repository\org\springframework\spring-context\5.3.9\spring-context-5.3.9.jar;E:\工具包\repository\org\springframework\boot\spring-boot-autoconfigure\2.5.3\spring-boot-autoconfigure-2.5.3.jar;E:\工具包\repository\org\springframework\boot\spring-boot-starter-logging\2.5.3\spring-boot-starter-logging-2.5.3.jar;E:\工具包\repository\ch\qos\logback\logback-classic\1.2.4\logback-classic-1.2.4.jar;E:\工具包\repository\ch\qos\logback\logback-core\1.2.4\logback-core-1.2.4.jar;E:\工具包\repository\org\apache\logging\log4j\log4j-to-slf4j\2.14.1\log4j-to-slf4j-2.14.1.jar;E:\工具包\repository\org\apache\logging\log4j\log4j-api\2.14.1\log4j-api-2.14.1.jar;E:\工具包\repository\org\slf4j\jul-to-slf4j\1.7.32\jul-to-slf4j-1.7.32.jar;E:\工具包\repository\jakarta\annotation\jakarta.annotation-api\1.3.5\jakarta.annotation-api-1.3.5.jar;E:\工具包\repository\org\springframework\spring-core\5.3.9\spring-core-5.3.9.jar;E:\工具包\repository\org\springframework\spring-jcl\5.3.9\spring-jcl-5.3.9.jar;E:\工具包\repository\org\yaml\snakeyaml\1.28\snakeyaml-1.28.jar;E:\工具包\repository\org\springframework\boot\spring-boot-starter-test\2.5.3\spring-boot-starter-test-2.5.3.jar;E:\工具包\repository\org\springframework\boot\spring-boot-test\2.5.3\spring-boot-test-2.5.3.jar;E:\工具包\repository\org\springframework\boot\spring-boot-test-autoconfigure\2.5.3\spring-boot-test-autoconfigure-2.5.3.jar;E:\工具包\repository\com\jayway\jsonpath\json-path\2.5.0\json-path-2.5.0.jar;E:\工具包\repository\net\minidev\json-smart\2.4.7\json-smart-2.4.7.jar;E:\工具包\repository\net\minidev\accessors-smart\2.4.7\accessors-smart-2.4.7.jar;E:\工具包\repository\org\ow2\asm\asm\9.1\asm-9.1.jar;E:\工具包\repository\jakarta\xml\bind\jakarta.xml.bind-api\2.3.3\jakarta.xml.bind-api-2.3.3.jar;E:\工具包\repository\jakarta\activation\jakarta.activation-api\1.2.2\jakarta.activation-api-1.2.2.jar;E:\工具包\repository\org\assertj\assertj-core\3.19.0\assertj-core-3.19.0.jar;E:\工具包\repository\org\hamcrest\hamcrest\2.2\hamcrest-2.2.jar;E:\工具包\repository\org\junit\jupiter\junit-jupiter\5.7.2\junit-jupiter-5.7.2.jar;E:\工具包\repository\org\junit\jupiter\junit-jupiter-api\5.7.2\junit-jupiter-api-5.7.2.jar;E:\工具包\repository\org\apiguardian\apiguardian-api\1.1.0\apiguardian-api-1.1.0.jar;E:\工具包\repository\org\opentest4j\opentest4j\1.2.0\opentest4j-1.2.0.jar;E:\工具包\repository\org\junit\platform\junit-platform-commons\1.7.2\junit-platform-commons-1.7.2.jar;E:\工具包\repository\org\junit\jupiter\junit-jupiter-params\5.7.2\junit-jupiter-params-5.7.2.jar;E:\工具包\repository\org\junit\jupiter\junit-jupiter-engine\5.7.2\junit-jupiter-engine-5.7.2.jar;E:\工具包\repository\org\junit\platform\junit-platform-engine\1.7.2\junit-platform-engine-1.7.2.jar;E:\工具包\repository\org\mockito\mockito-core\3.9.0\mockito-core-3.9.0.jar;E:\工具包\repository\net\bytebuddy\byte-buddy\1.10.22\byte-buddy-1.10.22.jar;E:\工具包\repository\net\bytebuddy\byte-buddy-agent\1.10.22\byte-buddy-agent-1.10.22.jar;E:\工具包\repository\org\objenesis\objenesis\3.2\objenesis-3.2.jar;E:\工具包\repository\org\mockito\mockito-junit-jupiter\3.9.0\mockito-junit-jupiter-3.9.0.jar;E:\工具包\repository\org\skyscreamer\jsonassert\1.5.0\jsonassert-1.5.0.jar;E:\工具包\repository\com\vaadin\external\google\android-json\0.0.20131108.vaadin1\android-json-0.0.20131108.vaadin1.jar;E:\工具包\repository\org\springframework\spring-test\5.3.9\spring-test-5.3.9.jar;E:\工具包\repository\org\xmlunit\xmlunit-core\2.8.2\xmlunit-core-2.8.2.jar;E:\工具包\repository\org\apache\tomcat\embed\tomcat-embed-jasper\9.0.50\tomcat-embed-jasper-9.0.50.jar;E:\工具包\repository\org\apache\tomcat\embed\tomcat-embed-core\9.0.50\tomcat-embed-core-9.0.50.jar;E:\工具包\repository\org\apache\tomcat\tomcat-annotations-api\9.0.50\tomcat-annotations-api-9.0.50.jar;E:\工具包\repository\org\apache\tomcat\embed\tomcat-embed-el\9.0.50\tomcat-embed-el-9.0.50.jar;E:\工具包\repository\org\eclipse\jdt\ecj\3.18.0\ecj-3.18.0.jar;E:\工具包\repository\javax\servlet\jstl\1.2\jstl-1.2.jar;E:\工具包\repository\javax\servlet\javax.servlet-api\4.0.1\javax.servlet-api-4.0.1.jar;E:\工具包\repository\org\springframework\boot\spring-boot-starter-web\2.5.3\spring-boot-starter-web-2.5.3.jar;E:\工具包\repository\org\springframework\boot\spring-boot-starter-json\2.5.3\spring-boot-starter-json-2.5.3.jar;E:\工具包\repository\com\fasterxml\jackson\core\jackson-databind\2.12.4\jackson-databind-2.12.4.jar;E:\工具包\repository\com\fasterxml\jackson\core\jackson-annotations\2.12.4\jackson-annotations-2.12.4.jar;E:\工具包\repository\com\fasterxml\jackson\core\jackson-core\2.12.4\jackson-core-2.12.4.jar;E:\工具包\repository\com\fasterxml\jackson\datatype\jackson-datatype-jdk8\2.12.4\jackson-datatype-jdk8-2.12.4.jar;E:\工具包\repository\com\fasterxml\jackson\datatype\jackson-datatype-jsr310\2.12.4\jackson-datatype-jsr310-2.12.4.jar;E:\工具包\repository\com\fasterxml\jackson\module\jackson-module-parameter-names\2.12.4\jackson-module-parameter-names-2.12.4.jar;E:\工具包\repository\org\springframework\boot\spring-boot-starter-tomcat\2.5.3\spring-boot-starter-tomcat-2.5.3.jar;E:\工具包\repository\org\apache\tomcat\embed\tomcat-embed-websocket\9.0.50\tomcat-embed-websocket-9.0.50.jar;E:\工具包\repository\org\springframework\spring-web\5.3.9\spring-web-5.3.9.jar;E:\工具包\repository\org\springframework\spring-beans\5.3.9\spring-beans-5.3.9.jar;E:\工具包\repository\org\springframework\spring-webmvc\5.3.9\spring-webmvc-5.3.9.jar;E:\工具包\repository\org\springframework\spring-aop\5.3.9\spring-aop-5.3.9.jar;E:\工具包\repository\org\springframework\spring-expression\5.3.9\spring-expression-5.3.9.jar;E:\工具包\repository\org\mybatis\spring\boot\mybatis-spring-boot-starter\1.3.0\mybatis-spring-boot-starter-1.3.0.jar;E:\工具包\repository\org\springframework\boot\spring-boot-starter-jdbc\2.5.3\spring-boot-starter-jdbc-2.5.3.jar;E:\工具包\repository\com\zaxxer\HikariCP\4.0.3\HikariCP-4.0.3.jar;E:\工具包\repository\org\springframework\spring-jdbc\5.3.9\spring-jdbc-5.3.9.jar;E:\工具包\repository\org\springframework\spring-tx\5.3.9\spring-tx-5.3.9.jar;E:\工具包\repository\org\mybatis\spring\boot\mybatis-spring-boot-autoconfigure\1.3.0\mybatis-spring-boot-autoconfigure-1.3.0.jar;E:\工具包\repository\org\mybatis\mybatis\3.4.4\mybatis-3.4.4.jar;E:\工具包\repository\org\mybatis\mybatis-spring\1.3.1\mybatis-spring-1.3.1.jar;E:\工具包\repository\mysql\mysql-connector-java\8.0.12\mysql-connector-java-8.0.12.jar;E:\工具包\repository\org\springframework\boot\spring-boot-devtools\2.5.3\spring-boot-devtools-2.5.3.jar;E:\工具包\repository\org\projectlombok\lombok\1.16.10\lombok-1.16.10.jar;E:\工具包\repository\net\sf\json-lib\json-lib\2.4\json-lib-2.4-jdk15.jar;E:\工具包\repository\commons-beanutils\commons-beanutils\1.7.0\commons-beanutils-1.7.0.jar;E:\工具包\repository\commons-collections\commons-collections\3.2.2\commons-collections-3.2.2.jar;E:\工具包\repository\commons-lang\commons-lang\2.5\commons-lang-2.5.jar;E:\工具包\repository\net\sf\ezmorph\ezmorph\1.0.3\ezmorph-1.0.3.jar;E:\工具包\repository\commons-logging\commons-logging\1.2\commons-logging-1.2.jar;E:\工具包\repository\com\alibaba\fastjson\1.2.73\fastjson-1.2.73.jar;E:\工具包\repository\com\aliyun\aliyun-java-sdk-core\4.5.25\aliyun-java-sdk-core-4.5.25.jar;E:\工具包\repository\com\google\code\gson\gson\2.8.7\gson-2.8.7.jar;E:\工具包\repository\org\apache\httpcomponents\httpclient\4.5.13\httpclient-4.5.13.jar;E:\工具包\repository\org\apache\httpcomponents\httpcore\4.4.14\httpcore-4.4.14.jar;E:\工具包\repository\javax\xml\bind\jaxb-api\2.3.1\jaxb-api-2.3.1.jar;E:\工具包\repository\javax\activation\javax.activation-api\1.2.0\javax.activation-api-1.2.0.jar;E:\工具包\repository\org\jacoco\org.jacoco.agent\0.8.7\org.jacoco.agent-0.8.7-runtime.jar;E:\工具包\repository\org\ini4j\ini4j\0.5.4\ini4j-0.5.4.jar;E:\工具包\repository\org\slf4j\slf4j-api\1.7.32\slf4j-api-1.7.32.jar;E:\工具包\repository\io\opentracing\opentracing-api\0.33.0\opentracing-api-0.33.0.jar;E:\工具包\repository\io\opentracing\opentracing-util\0.33.0\opentracing-util-0.33.0.jar;E:\工具包\repository\io\opentracing\opentracing-noop\0.33.0\opentracing-noop-0.33.0.jar;E:\工具包\repository\com\aliyun\aliyun-java-sdk-dysmsapi\1.1.0\aliyun-java-sdk-dysmsapi-1.1.0.jar;E:\工具包\repository\org\apache\poi\poi\3.13\poi-3.13.jar;E:\工具包\repository\commons-codec\commons-codec\1.15\commons-codec-1.15.jar;E:\工具包\repository\org\apache\poi\poi-ooxml\3.13\poi-ooxml-3.13.jar;E:\工具包\repository\org\apache\poi\poi-ooxml-schemas\3.13\poi-ooxml-schemas-3.13.jar;E:\工具包\repository\org\apache\xmlbeans\xmlbeans\2.6.0\xmlbeans-2.6.0.jar;E:\工具包\repository\stax\stax-api\1.0.1\stax-api-1.0.1.jar;E:\工具包\repository\org\apache\commons\commons-lang3\3.11\commons-lang3-3.11.jar;"/>
    <property name="sun.cpu.endian" value="little"/>
    <property name="user.home" value="C:\Users\zhuzeyong"/>
    <property name="user.language" value="zh"/>
    <property name="java.specification.vendor" value="Oracle Corporation"/>
    <property name="java.home" value="D:\Java\jdk1.8.0_112\jre"/>
    <property name="basedir" value="E:\springbootdemo"/>
    <property name="file.separator" value="\"/>
    <property name="line.separator" value="&#10;"/>
    <property name="java.vm.specification.vendor" value="Oracle Corporation"/>
    <property name="java.specification.name" value="Java Platform API Specification"/>
    <property name="java.awt.graphicsenv" value="sun.awt.Win32GraphicsEnvironment"/>
    <property name="surefire.real.class.path" value="C:\Users\ZHUZEY~1\AppData\Local\Temp\surefire4885697526680840637\surefirebooter5548461459218245140.jar"/>
    <property name="sun.boot.class.path" value="D:\Java\jdk1.8.0_112\jre\lib\resources.jar;D:\Java\jdk1.8.0_112\jre\lib\rt.jar;D:\Java\jdk1.8.0_112\jre\lib\sunrsasign.jar;D:\Java\jdk1.8.0_112\jre\lib\jsse.jar;D:\Java\jdk1.8.0_112\jre\lib\jce.jar;D:\Java\jdk1.8.0_112\jre\lib\charsets.jar;D:\Java\jdk1.8.0_112\jre\lib\jfr.jar;D:\Java\jdk1.8.0_112\jre\classes"/>
    <property name="user.script" value=""/>
    <property name="sun.management.compiler" value="HotSpot 64-Bit Tiered Compilers"/>
    <property name="java.runtime.version" value="1.8.0_112-b15"/>
    <property name="user.name" value="zhuzeyong"/>
    <property name="path.separator" value=";"/>
    <property name="os.version" value="10.0"/>
    <property name="java.endorsed.dirs" value="D:\Java\jdk1.8.0_112\jre\lib\endorsed"/>
    <property name="java.runtime.name" value="Java(TM) SE Runtime Environment"/>
    <property name="file.encoding" value="GBK"/>
    <property name="java.vm.name" value="Java HotSpot(TM) 64-Bit Server VM"/>
    <property name="localRepository" value="E:\工具包\repository"/>
    <property name="java.vendor.url.bug" value="http://bugreport.sun.com/bugreport/"/>
    <property name="java.io.tmpdir" value="C:\Users\ZHUZEY~1\AppData\Local\Temp\"/>
    <property name="idea.version" value="2021.1.2"/>
    <property name="java.version" value="1.8.0_112"/>
    <property name="user.dir" value="E:\springbootdemo"/>
    <property name="os.arch" value="amd64"/>
    <property name="java.vm.specification.name" value="Java Virtual Machine Specification"/>
    <property name="java.awt.printerjob" value="sun.awt.windows.WPrinterJob"/>
    <property name="sun.os.patch.level" value=""/>
    <property name="java.library.path" value="D:\Java\jdk1.8.0_112\jre\bin;C:\Windows\Sun\Java\bin;C:\Windows\system32;C:\Windows;D:\Java\jdk1.8.0_112\bin;C:\ProgramData\Oracle\Java\javapath;C:\Windows\system32;C:\Windows;C:\Windows\System32\Wbem;C:\Windows\System32\WindowsPowerShell\v1.0\;C:\Windows\System32\OpenSSH\;&quot;;D:\maven\apache-maven-3.3.9\bin&quot;;&quot;D:\Java\jdk1.8.0_112\jre\bin;&quot;;&quot;D:\apache-tomcat-8.5.69\lib;&quot;;&quot;D:\apache-tomcat-8.5.69\bin;&quot;;D:\mysql\mysql-8.0.25-winx64\bin;D:\git\Git\cmd;D:\svn\bin;d:\node.js\;C:\Users\zhuzeyong\AppData\Local\Microsoft\WindowsApps;D:\idea\IntelliJ IDEA 2019.3.4\bin;C:\Users\zhuzeyong\AppData\Local\GitHubDesktop\bin;C:\Program Files\Bandizip\;C:\Users\zhuzeyong\AppData\Roaming\npm;D:\vscode\Microsoft VS Code\bin;."/>
    <property name="java.vm.info" value="mixed mode"/>
    <property name="java.vendor" value="Oracle Corporation"/>
    <property name="java.vm.version" value="25.112-b15"/>
    <property name="java.ext.dirs" value="D:\Java\jdk1.8.0_112\jre\lib\ext;C:\Windows\Sun\Java\lib\ext"/>
    <property name="sun.io.unicode.encoding" value="UnicodeLittle"/>
    <property name="java.class.version" value="52.0"/>
  </properties>
  <testcase name="contextLoads" classname="com.hcm.springbootdemo.SpringbootdemoApplicationTests" time="0.177"/>
</testsuite>